<?xml version="1.0" encoding="UTF-8"?>
<testng-results ignored="0" total="1" passed="1" failed="0" skipped="0">
  <reporter-output>
  </reporter-output>
  <suite started-at="2023-01-17T11:41:16 IST" name="Myntra Test Suite" finished-at="2023-01-17T11:41:30 IST" duration-ms="13691">
    <groups>
    </groups>
    <test started-at="2023-01-17T11:41:16 IST" name="result" finished-at="2023-01-17T11:41:30 IST" duration-ms="13691">
      <class name="testcases.Testcase1">
        <test-method is-config="true" signature="SetUp()[pri:0, instance:testcases.Testcase1@20ccf40b]" started-at="2023-01-17T11:40:52 IST" name="SetUp" finished-at="2023-01-17T11:41:16 IST" duration-ms="24194" status="PASS">
          <reporter-output>
          </reporter-output>
        </test-method> <!-- SetUp -->
        <test-method signature="a()[pri:0, instance:testcases.Testcase1@20ccf40b]" started-at="2023-01-17T11:41:16 IST" name="a" finished-at="2023-01-17T11:41:30 IST" duration-ms="13654" status="PASS">
          <reporter-output>
          </reporter-output>
        </test-method> <!-- a -->
        <test-method is-config="true" signature="tearDown()[pri:0, instance:testcases.Testcase1@20ccf40b]" started-at="2023-01-17T11:41:30 IST" name="tearDown" finished-at="2023-01-17T11:41:31 IST" duration-ms="1349" status="PASS">
          <reporter-output>
          </reporter-output>
        </test-method> <!-- tearDown -->
      </class> <!-- testcases.Testcase1 -->
    </test> <!-- result -->
  </suite> <!-- Myntra Test Suite -->
</testng-results>
